Total Instructions: 2244550619

RAS: (Correct - Incorrect)

Branch Predictors: (Name - Correct - Incorrect)
  LocalHistoryTwoLevel: PHT Entries = 8192, PHT n-bit counter length = 2, BHT Entries = 2048, BHT Entry length = 8: 388741436 26164457
  LocalHistoryTwoLevel: PHT Entries = 8192, PHT n-bit counter length = 2, BHT Entries = 4096, BHT Entry length = 4: 388315893 26590000
  LocalHistoryTwoLevel: PHT Entries = 8192, PHT n-bit counter length = 2, BHT Entries = 8192, BHT Entry length = 2: 386554075 28351818
  GlobalHistoryTwoLevel: PHT Entries = 16384, PHT n-bit counter length = 2, BHR Length = 2: 383783348 31122545
  GlobalHistoryTwoLevel: PHT Entries = 16384, PHT n-bit counter length = 2, BHR Length = 4: 388696710 26209183
  GlobalHistoryTwoLevel: PHT Entries = 16384, PHT n-bit counter length = 2, BHR Length = 8: 393137041 21768852
  GlobalHistoryTwoLevel: PHT Entries = 8192, PHT n-bit counter length = 4, BHR Length = 2: 384265238 30640655
  GlobalHistoryTwoLevel: PHT Entries = 8192, PHT n-bit counter length = 4, BHR Length = 4: 387837336 27068557
  GlobalHistoryTwoLevel: PHT Entries = 8192, PHT n-bit counter length = 4, BHR Length = 8: 389303168 25602725
  TournamentHybridPredictor-4K-Entries-(LocalHistoryTwoLevel: PHT Entries = 1024, PHT n-bit counter length = 3, BHT Entries = 1024, BHT Entry length = 10, GlobalHistoryTwoLevel: PHT Entries = 4096, PHT n-bit counter length = 2, BHR Length = 12): 369539069 45366824
  TournamentHybridPredictor-2K-Entries-(LocalHistoryTwoLevel: PHT Entries = 1024, PHT n-bit counter length = 3, BHT Entries = 1024, BHT Entry length = 10, GlobalHistoryTwoLevel: PHT Entries = 8192, PHT n-bit counter length = 2, BHR Length = 4): 377712042 37193851
  TournamentHybridPredictor-2K-Entries-(LocalHistoryTwoLevel: PHT Entries = 1024, PHT n-bit counter length = 3, BHT Entries = 1024, BHT Entry length = 10, GlobalHistoryTwoLevel: PHT Entries = 8192, PHT n-bit counter length = 2, BHR Length = 8): 377172750 37733143
  TournamentHybridPredictor-1K-Entries-(LocalHistoryTwoLevel: PHT Entries = 1024, PHT n-bit counter length = 3, BHT Entries = 1024, BHT Entry length = 10, GlobalHistoryTwoLevel: PHT Entries = 4096, PHT n-bit counter length = 4, BHR Length = 4): 376437207 38468686
  TournamentHybridPredictor-1K-Entries-(LocalHistoryTwoLevel: PHT Entries = 1024, PHT n-bit counter length = 3, BHT Entries = 1024, BHT Entry length = 10, GlobalHistoryTwoLevel: PHT Entries = 4096, PHT n-bit counter length = 4, BHR Length = 8): 373583289 41322604
  TournamentHybridPredictor-1K-Entries-(Nbit-32K-4, GlobalHistoryTwoLevel: PHT Entries = 4096, PHT n-bit counter length = 4, BHR Length = 4): 376159876 38746017
  TournamentHybridPredictor-1K-Entries-(Nbit-32K-4, GlobalHistoryTwoLevel: PHT Entries = 4096, PHT n-bit counter length = 4, BHR Length = 8): 370532508 44373385
  TournamentHybridPredictor-2K-Entries-(Nbit-32K-4, GlobalHistoryTwoLevel: PHT Entries = 2048, PHT n-bit counter length = 8, BHR Length = 4): 366283488 48622405
  TournamentHybridPredictor-2K-Entries-(Nbit-32K-4, GlobalHistoryTwoLevel: PHT Entries = 2048, PHT n-bit counter length = 8, BHR Length = 8): 358333326 56572567

BTB Predictors: (Name - Correct - Incorrect - TargetCorrect)
