Total Instructions: 224064212381

RAS: (Correct - Incorrect)

Branch Predictors: (Name - Correct - Incorrect)
  Static AlwaysTaken: 8865341765 19080562103
  Static BTFNT: 21842110862 6103793006
  Nbit-32K-4: 25654518783 2291385085
  Pentium-M: 26201042681 1744861187
  LocalHistoryTwoLevel: PHT Entries = 8192, PHT n-bit counter length = 2, BHT Entries = 2048, BHT Entry length = 8: 26877236235 1068667633
  LocalHistoryTwoLevel: PHT Entries = 8192, PHT n-bit counter length = 2, BHT Entries = 4096, BHT Entry length = 4: 26508500681 1437403187
  LocalHistoryTwoLevel: PHT Entries = 8192, PHT n-bit counter length = 2, BHT Entries = 8192, BHT Entry length = 2: 26357265209 1588638659
  GlobalHistoryTwoLevel: PHT Entries = 16384, PHT n-bit counter length = 2, BHR Length = 2: 25920844387 2025059481
  GlobalHistoryTwoLevel: PHT Entries = 16384, PHT n-bit counter length = 2, BHR Length = 4: 26580963220 1364940648
  GlobalHistoryTwoLevel: PHT Entries = 16384, PHT n-bit counter length = 2, BHR Length = 8: 26639654164 1306249704
  GlobalHistoryTwoLevel: PHT Entries = 8192, PHT n-bit counter length = 4, BHR Length = 2: 26077814399 1868089469
  GlobalHistoryTwoLevel: PHT Entries = 8192, PHT n-bit counter length = 4, BHR Length = 4: 26597135056 1348768812
  GlobalHistoryTwoLevel: PHT Entries = 8192, PHT n-bit counter length = 4, BHR Length = 8: 26416434759 1529469109
  TournamentHybridPredictor-4K-Entries-(LocalHistoryTwoLevel: PHT Entries = 1024, PHT n-bit counter length = 3, BHT Entries = 1024, BHT Entry length = 10, GlobalHistoryTwoLevel: PHT Entries = 4096, PHT n-bit counter length = 2, BHR Length = 12): 24560837406 3385066462
  TournamentHybridPredictor-2K-Entries-(LocalHistoryTwoLevel: PHT Entries = 1024, PHT n-bit counter length = 3, BHT Entries = 1024, BHT Entry length = 10, GlobalHistoryTwoLevel: PHT Entries = 8192, PHT n-bit counter length = 2, BHR Length = 4): 26098445407 1847458461
  TournamentHybridPredictor-2K-Entries-(LocalHistoryTwoLevel: PHT Entries = 1024, PHT n-bit counter length = 3, BHT Entries = 1024, BHT Entry length = 10, GlobalHistoryTwoLevel: PHT Entries = 8192, PHT n-bit counter length = 2, BHR Length = 8): 25745885960 2200017908
  TournamentHybridPredictor-1K-Entries-(LocalHistoryTwoLevel: PHT Entries = 1024, PHT n-bit counter length = 3, BHT Entries = 1024, BHT Entry length = 10, GlobalHistoryTwoLevel: PHT Entries = 4096, PHT n-bit counter length = 4, BHR Length = 4): 26000112696 1945791172
  TournamentHybridPredictor-1K-Entries-(LocalHistoryTwoLevel: PHT Entries = 1024, PHT n-bit counter length = 3, BHT Entries = 1024, BHT Entry length = 10, GlobalHistoryTwoLevel: PHT Entries = 4096, PHT n-bit counter length = 4, BHR Length = 8): 25400546739 2545357129
  TournamentHybridPredictor-1K-Entries-(Nbit-32K-4, GlobalHistoryTwoLevel: PHT Entries = 4096, PHT n-bit counter length = 4, BHR Length = 4): 25426164993 2519738875
  TournamentHybridPredictor-1K-Entries-(Nbit-32K-4, GlobalHistoryTwoLevel: PHT Entries = 4096, PHT n-bit counter length = 4, BHR Length = 8): 24647072261 3298831607
  TournamentHybridPredictor-2K-Entries-(Nbit-32K-4, GlobalHistoryTwoLevel: PHT Entries = 2048, PHT n-bit counter length = 8, BHR Length = 4): 25029401024 2916502844
  TournamentHybridPredictor-2K-Entries-(Nbit-32K-4, GlobalHistoryTwoLevel: PHT Entries = 2048, PHT n-bit counter length = 8, BHR Length = 8): 24205276756 3740627112

BTB Predictors: (Name - Correct - Incorrect - TargetCorrect)
