Total Instructions: 3184266782

RAS: (Correct - Incorrect)

Branch Predictors: (Name - Correct - Incorrect)
  Static AlwaysTaken: 269642211 304835847
  Static BTFNT: 400881197 173596861
  Nbit-32K-4: 523173018 51305040
  Pentium-M: 471730391 102747667
  LHTL(8192, 2, 2048, 8): 535511904 38966154
  LHTL(8192, 2, 4096, 4): 534873140 39604918
  LHTL(8192, 2, 8192, 2): 532250638 42227420
  GHTL(16384, 2, 2): 528327321 46150737
  GHTL(16384, 2, 4): 535489064 38988994
  GHTL(16384, 2, 8): 541989463 32488595
  GHTL(8192, 4, 2): 528854956 45623102
  GHTL(8192, 4, 4): 534050005 40428053
  GHTL(8192, 4, 8): 535991304 38486754
  THP-4K-Entries-(LHTL(1024, 3, 1024, 10), GHTL(4096, 2, 12)): 507502802 66975256
  THP-2K-Entries-(LHTL(1024, 3, 1024, 10), GHTL(8192, 2, 4)): 519548569 54929489
  THP-2K-Entries-(LHTL(1024, 3, 1024, 10), GHTL(8192, 2, 8)): 518785016 55693042
  THP-1K-Entries-(LHTL(1024, 3, 1024, 10), GHTL(4096, 4, 4)): 517468835 57009223
  THP-1K-Entries-(LHTL(1024, 3, 1024, 10), GHTL(4096, 4, 8)): 513158973 61319085
  THP-1K-Entries-(Nbit-32K-4, GHTL(4096, 4, 4)): 516712564 57765494
  THP-1K-Entries-(Nbit-32K-4, GHTL(4096, 4, 8)): 508374445 66103613
  THP-2K-Entries-(Nbit-32K-4, GHTL(2048, 8, 4)): 500615242 73862816
  THP-2K-Entries-(Nbit-32K-4, GHTL(2048, 8, 8)): 488217026 86261032

BTB Predictors: (Name - Correct - Incorrect - TargetCorrect)
