Total Instructions: 18198939550

RAS: (Correct - Incorrect)

Branch Predictors: (Name - Correct - Incorrect)
  Static AlwaysTaken: 1332749777 2377885327
  Static BTFNT: 2644395805 1066239299
  Nbit-32K-4: 3475322817 235312287
  Pentium-M: 2714793237 995841867
  LHTL(8192, 2, 2048, 8): 3529441890 181193214
  LHTL(8192, 2, 4096, 4): 3519976382 190658722
  LHTL(8192, 2, 8192, 2): 3514463688 196171416
  GHTL(16384, 2, 2): 3512020109 198614995
  GHTL(16384, 2, 4): 3520279215 190355889
  GHTL(16384, 2, 8): 3539773940 170861164
  GHTL(8192, 4, 2): 3523173164 187461940
  GHTL(8192, 4, 4): 3531336441 179298663
  GHTL(8192, 4, 8): 3548953917 161681187
  THP-4K-Entries-(LHTL(1024, 3, 1024, 10), GHTL(4096, 2, 12)): 3513372314 197262790
  THP-2K-Entries-(LHTL(1024, 3, 1024, 10), GHTL(8192, 2, 4)): 3509011030 201624074
  THP-2K-Entries-(LHTL(1024, 3, 1024, 10), GHTL(8192, 2, 8)): 3515482915 195152189
  THP-1K-Entries-(LHTL(1024, 3, 1024, 10), GHTL(4096, 4, 4)): 3513638640 196996464
  THP-1K-Entries-(LHTL(1024, 3, 1024, 10), GHTL(4096, 4, 8)): 3517701294 192933810
  THP-1K-Entries-(Nbit-32K-4, GHTL(4096, 4, 4)): 3473719190 236915914
  THP-1K-Entries-(Nbit-32K-4, GHTL(4096, 4, 8)): 3469782984 240852120
  THP-2K-Entries-(Nbit-32K-4, GHTL(2048, 8, 4)): 3465933623 244701481
  THP-2K-Entries-(Nbit-32K-4, GHTL(2048, 8, 8)): 3461634464 249000640

BTB Predictors: (Name - Correct - Incorrect - TargetCorrect)
