Total Instructions: 103056411629

RAS: (Correct - Incorrect)

Branch Predictors: (Name - Correct - Incorrect)
  Static AlwaysTaken: 3286815431 3570524076
  Static BTFNT: 5987320479 870019028
  Nbit-32K-4: 6683020600 174318907
  Pentium-M: 6448021960 409317547
  LHTL(8192, 2, 2048, 8): 6778334707 79004800
  LHTL(8192, 2, 4096, 4): 6766989274 90350233
  LHTL(8192, 2, 8192, 2): 6753769153 103570354
  GHTL(16384, 2, 2): 6739630684 117708823
  GHTL(16384, 2, 4): 6757987001 99352506
  GHTL(16384, 2, 8): 6766591746 90747761
  GHTL(8192, 4, 2): 6694263884 163075623
  GHTL(8192, 4, 4): 6734302200 123037307
  GHTL(8192, 4, 8): 6759537492 97802015
  THP-4K-Entries-(LHTL(1024, 3, 1024, 10), GHTL(4096, 2, 12)): 6691443682 165895825
  THP-2K-Entries-(LHTL(1024, 3, 1024, 10), GHTL(8192, 2, 4)): 6749160631 108178876
  THP-2K-Entries-(LHTL(1024, 3, 1024, 10), GHTL(8192, 2, 8)): 6754629895 102709612
  THP-1K-Entries-(LHTL(1024, 3, 1024, 10), GHTL(4096, 4, 4)): 6724732937 132606570
  THP-1K-Entries-(LHTL(1024, 3, 1024, 10), GHTL(4096, 4, 8)): 6744161629 113177878
  THP-1K-Entries-(Nbit-32K-4, GHTL(4096, 4, 4)): 6681729218 175610289
  THP-1K-Entries-(Nbit-32K-4, GHTL(4096, 4, 8)): 6675313189 182026318
  THP-2K-Entries-(Nbit-32K-4, GHTL(2048, 8, 4)): 6629644892 227694615
  THP-2K-Entries-(Nbit-32K-4, GHTL(2048, 8, 8)): 6642579552 214759955

BTB Predictors: (Name - Correct - Incorrect - TargetCorrect)
