Total Instructions: 80776876966

RAS: (Correct - Incorrect)

Branch Predictors: (Name - Correct - Incorrect)
  Static AlwaysTaken: 142229983 18767214
  Static BTFNT: 155336398 5660799
  Nbit-32K-4: 157960160 3037037
  Pentium-M: 155318065 5679132
  LHTL(8192, 2, 2048, 8): 159063141 1934056
  LHTL(8192, 2, 4096, 4): 159033886 1963311
  LHTL(8192, 2, 8192, 2): 158354135 2643062
  GHTL(16384, 2, 2): 158307518 2689679
  GHTL(16384, 2, 4): 158318479 2678718
  GHTL(16384, 2, 8): 158343688 2653509
  GHTL(8192, 4, 2): 158274355 2722842
  GHTL(8192, 4, 4): 158262839 2734358
  GHTL(8192, 4, 8): 158292510 2704687
  THP-4K-Entries-(LHTL(1024, 3, 1024, 10), GHTL(4096, 2, 12)): 158810692 2186505
  THP-2K-Entries-(LHTL(1024, 3, 1024, 10), GHTL(8192, 2, 4)): 158231875 2765322
  THP-2K-Entries-(LHTL(1024, 3, 1024, 10), GHTL(8192, 2, 8)): 158257810 2739387
  THP-1K-Entries-(LHTL(1024, 3, 1024, 10), GHTL(4096, 4, 4)): 158192456 2804741
  THP-1K-Entries-(LHTL(1024, 3, 1024, 10), GHTL(4096, 4, 8)): 158188769 2808428
  THP-1K-Entries-(Nbit-32K-4, GHTL(4096, 4, 4)): 157893289 3103908
  THP-1K-Entries-(Nbit-32K-4, GHTL(4096, 4, 8)): 157855389 3141808
  THP-2K-Entries-(Nbit-32K-4, GHTL(2048, 8, 4)): 157752375 3244822
  THP-2K-Entries-(Nbit-32K-4, GHTL(2048, 8, 8)): 157629352 3367845

BTB Predictors: (Name - Correct - Incorrect - TargetCorrect)
