Total Instructions: 17615065688

RAS: (Correct - Incorrect)

Branch Predictors: (Name - Correct - Incorrect)
  Static AlwaysTaken: 1398956801 1524974653
  Static BTFNT: 1832903379 1091028075
  Nbit-32K-4: 2503940784 419990670
  Pentium-M: 2418459190 505472264
  LHTL(8192, 2, 2048, 8): 2489431380 434500074
  LHTL(8192, 2, 4096, 4): 2522296208 401635246
  LHTL(8192, 2, 8192, 2): 2516082323 407849131
  GHTL(16384, 2, 2): 2509532893 414398561
  GHTL(16384, 2, 4): 2541979519 381951935
  GHTL(16384, 2, 8): 2554733770 369197684
  GHTL(8192, 4, 2): 2507112092 416819362
  GHTL(8192, 4, 4): 2520261785 403669669
  GHTL(8192, 4, 8): 2482143822 441787632
  THP-4K-Entries-(LHTL(1024, 3, 1024, 10), GHTL(4096, 2, 12)): 2243196943 680734511
  THP-2K-Entries-(LHTL(1024, 3, 1024, 10), GHTL(8192, 2, 4)): 2409919098 514012356
  THP-2K-Entries-(LHTL(1024, 3, 1024, 10), GHTL(8192, 2, 8)): 2370334315 553597139
  THP-1K-Entries-(LHTL(1024, 3, 1024, 10), GHTL(4096, 4, 4)): 2385321676 538609778
  THP-1K-Entries-(LHTL(1024, 3, 1024, 10), GHTL(4096, 4, 8)): 2318065121 605866333
  THP-1K-Entries-(Nbit-32K-4, GHTL(4096, 4, 4)): 2437380453 486551001
  THP-1K-Entries-(Nbit-32K-4, GHTL(4096, 4, 8)): 2347945091 575986363
  THP-2K-Entries-(Nbit-32K-4, GHTL(2048, 8, 4)): 2340814841 583116613
  THP-2K-Entries-(Nbit-32K-4, GHTL(2048, 8, 8)): 2201024593 722906861

BTB Predictors: (Name - Correct - Incorrect - TargetCorrect)
