Total Instructions: 9072276784

RAS: (Correct - Incorrect)

Branch Predictors: (Name - Correct - Incorrect)
  Static AlwaysTaken: 896401348 781078821
  Static BTFNT: 1299841166 377639003
  Nbit-32K-4: 1571827137 105653032
  Pentium-M: 1279507643 397972526
  LHTL(8192, 2, 2048, 8): 1587920363 89559806
  LHTL(8192, 2, 4096, 4): 1582771190 94708979
  LHTL(8192, 2, 8192, 2): 1579499445 97980724
  GHTL(16384, 2, 2): 1575525897 101954272
  GHTL(16384, 2, 4): 1578568313 98911856
  GHTL(16384, 2, 8): 1585685527 91794642
  GHTL(8192, 4, 2): 1578367867 99112302
  GHTL(8192, 4, 4): 1581582161 95898008
  GHTL(8192, 4, 8): 1586849900 90630269
  THP-4K-Entries-(LHTL(1024, 3, 1024, 10), GHTL(4096, 2, 12)): 1572231479 105248690
  THP-2K-Entries-(LHTL(1024, 3, 1024, 10), GHTL(8192, 2, 4)): 1574345782 103134387
  THP-2K-Entries-(LHTL(1024, 3, 1024, 10), GHTL(8192, 2, 8)): 1577887257 99592912
  THP-1K-Entries-(LHTL(1024, 3, 1024, 10), GHTL(4096, 4, 4)): 1574615532 102864637
  THP-1K-Entries-(LHTL(1024, 3, 1024, 10), GHTL(4096, 4, 8)): 1576061695 101418474
  THP-1K-Entries-(Nbit-32K-4, GHTL(4096, 4, 4)): 1570046276 107433893
  THP-1K-Entries-(Nbit-32K-4, GHTL(4096, 4, 8)): 1566191408 111288761
  THP-2K-Entries-(Nbit-32K-4, GHTL(2048, 8, 4)): 1558978637 118501532
  THP-2K-Entries-(Nbit-32K-4, GHTL(2048, 8, 8)): 1551774275 125705894

BTB Predictors: (Name - Correct - Incorrect - TargetCorrect)
