Total Instructions: 268784253395

RAS: (Correct - Incorrect)

Branch Predictors: (Name - Correct - Incorrect)
  Static AlwaysTaken: 8669664127 4743904631
  Static BTFNT: 13132806565 280762193
  Nbit-32K-4: 13218053519 195515239
  Pentium-M: 13125895113 287673645
  LHTL(8192, 2, 2048, 8): 13212145037 201423721
  LHTL(8192, 2, 4096, 4): 13213493616 200075142
  LHTL(8192, 2, 8192, 2): 13213784563 199784195
  GHTL(16384, 2, 2): 13256735654 156833104
  GHTL(16384, 2, 4): 13256289417 157279341
  GHTL(16384, 2, 8): 13256308655 157260103
  GHTL(8192, 4, 2): 13261878772 151689986
  GHTL(8192, 4, 4): 13261773004 151795754
  GHTL(8192, 4, 8): 13261695256 151873502
  THP-4K-Entries-(LHTL(1024, 3, 1024, 10), GHTL(4096, 2, 12)): 13212165841 201402917
  THP-2K-Entries-(LHTL(1024, 3, 1024, 10), GHTL(8192, 2, 4)): 13213877740 199691018
  THP-2K-Entries-(LHTL(1024, 3, 1024, 10), GHTL(8192, 2, 8)): 13212375538 201193220
  THP-1K-Entries-(LHTL(1024, 3, 1024, 10), GHTL(4096, 4, 4)): 13217210347 196358411
  THP-1K-Entries-(LHTL(1024, 3, 1024, 10), GHTL(4096, 4, 8)): 13215939927 197628831
  THP-1K-Entries-(Nbit-32K-4, GHTL(4096, 4, 4)): 13218207404 195361354
  THP-1K-Entries-(Nbit-32K-4, GHTL(4096, 4, 8)): 13217109073 196459685
  THP-2K-Entries-(Nbit-32K-4, GHTL(2048, 8, 4)): 13218076267 195492491
  THP-2K-Entries-(Nbit-32K-4, GHTL(2048, 8, 8)): 13215586661 197982097

BTB Predictors: (Name - Correct - Incorrect - TargetCorrect)
