Total Instructions: 292572218876

RAS: (Correct - Incorrect)

Branch Predictors: (Name - Correct - Incorrect)
  Static AlwaysTaken: 23188705273 29248602637
  Static BTFNT: 31612994362 20824313548
  Nbit-32K-4: 45342109952 7095197958
  Pentium-M: 45133613267 7303694643
  LHTL(8192, 2, 2048, 8): 47588922435 4848385475
  LHTL(8192, 2, 4096, 4): 47304876794 5132431116
  LHTL(8192, 2, 8192, 2): 45918857331 6518450579
  GHTL(16384, 2, 2): 45464171689 6973136221
  GHTL(16384, 2, 4): 46451319968 5985987942
  GHTL(16384, 2, 8): 47644135032 4793172878
  GHTL(8192, 4, 2): 45709940432 6727367478
  GHTL(8192, 4, 4): 46491438300 5945869610
  GHTL(8192, 4, 8): 47148423234 5288884676
  THP-4K-Entries-(LHTL(1024, 3, 1024, 10), GHTL(4096, 2, 12)): 43328732861 9108575049
  THP-2K-Entries-(LHTL(1024, 3, 1024, 10), GHTL(8192, 2, 4)): 45090706103 7346601807
  THP-2K-Entries-(LHTL(1024, 3, 1024, 10), GHTL(8192, 2, 8)): 45137864068 7299443842
  THP-1K-Entries-(LHTL(1024, 3, 1024, 10), GHTL(4096, 4, 4)): 44946636395 7490671515
  THP-1K-Entries-(LHTL(1024, 3, 1024, 10), GHTL(4096, 4, 8)): 44393516484 8043791426
  THP-1K-Entries-(Nbit-32K-4, GHTL(4096, 4, 4)): 44848315163 7588992747
  THP-1K-Entries-(Nbit-32K-4, GHTL(4096, 4, 8)): 43730751069 8706556841
  THP-2K-Entries-(Nbit-32K-4, GHTL(2048, 8, 4)): 43703142961 8734164949
  THP-2K-Entries-(Nbit-32K-4, GHTL(2048, 8, 8)): 41681876296 10755431614

BTB Predictors: (Name - Correct - Incorrect - TargetCorrect)
