Total Instructions: 108733223176

RAS: (Correct - Incorrect)

Branch Predictors: (Name - Correct - Incorrect)
  Static AlwaysTaken: 2895484607 348902877
  Static BTFNT: 3043645512 200741972
  Nbit-32K-4: 3199655889 44731595
  Pentium-M: 3083569167 160818317
  LHTL(8192, 2, 2048, 8): 3226416418 17971066
  LHTL(8192, 2, 4096, 4): 3206168785 38218699
  LHTL(8192, 2, 8192, 2): 3202409236 41978248
  GHTL(16384, 2, 2): 3201428040 42959444
  GHTL(16384, 2, 4): 3203709124 40678360
  GHTL(16384, 2, 8): 3226082152 18305332
  GHTL(8192, 4, 2): 3200350937 44036547
  GHTL(8192, 4, 4): 3203112359 41275125
  GHTL(8192, 4, 8): 3225518912 18868572
  THP-4K-Entries-(LHTL(1024, 3, 1024, 10), GHTL(4096, 2, 12)): 3214813280 29574204
  THP-2K-Entries-(LHTL(1024, 3, 1024, 10), GHTL(8192, 2, 4)): 3198696867 45690617
  THP-2K-Entries-(LHTL(1024, 3, 1024, 10), GHTL(8192, 2, 8)): 3219152178 25235306
  THP-1K-Entries-(LHTL(1024, 3, 1024, 10), GHTL(4096, 4, 4)): 3197402891 46984593
  THP-1K-Entries-(LHTL(1024, 3, 1024, 10), GHTL(4096, 4, 8)): 3217488065 26899419
  THP-1K-Entries-(Nbit-32K-4, GHTL(4096, 4, 4)): 3196183902 48203582
  THP-1K-Entries-(Nbit-32K-4, GHTL(4096, 4, 8)): 3196440622 47946862
  THP-2K-Entries-(Nbit-32K-4, GHTL(2048, 8, 4)): 3193132965 51254519
  THP-2K-Entries-(Nbit-32K-4, GHTL(2048, 8, 8)): 3192305382 52082102

BTB Predictors: (Name - Correct - Incorrect - TargetCorrect)
