Total Instructions: 8996769576

RAS: (Correct - Incorrect)

Branch Predictors: (Name - Correct - Incorrect)
  Static AlwaysTaken: 1978302942 162485302
  Static BTFNT: 1394183163 746605081
  Nbit-32K-4: 2061269366 79518878
  Pentium-M: 2076070337 64717907
  LHTL(8192, 2, 2048, 8): 2130129386 10658858
  LHTL(8192, 2, 4096, 4): 2101159696 39628548
  LHTL(8192, 2, 8192, 2): 2074645833 66142411
  GHTL(16384, 2, 2): 2064234160 76554084
  GHTL(16384, 2, 4): 2074690157 66098087
  GHTL(16384, 2, 8): 2107774923 33013321
  GHTL(8192, 4, 2): 2071592531 69195713
  GHTL(8192, 4, 4): 2079918340 60869904
  GHTL(8192, 4, 8): 2108126034 32662210
  THP-4K-Entries-(LHTL(1024, 3, 1024, 10), GHTL(4096, 2, 12)): 2122686086 18102158
  THP-2K-Entries-(LHTL(1024, 3, 1024, 10), GHTL(8192, 2, 4)): 2074675704 66112540
  THP-2K-Entries-(LHTL(1024, 3, 1024, 10), GHTL(8192, 2, 8)): 2107748916 33039328
  THP-1K-Entries-(LHTL(1024, 3, 1024, 10), GHTL(4096, 4, 4)): 2079904999 60883245
  THP-1K-Entries-(LHTL(1024, 3, 1024, 10), GHTL(4096, 4, 8)): 2108101129 32687115
  THP-1K-Entries-(Nbit-32K-4, GHTL(4096, 4, 4)): 2062041760 78746484
  THP-1K-Entries-(Nbit-32K-4, GHTL(4096, 4, 8)): 2061447090 79341154
  THP-2K-Entries-(Nbit-32K-4, GHTL(2048, 8, 4)): 2061199375 79588869
  THP-2K-Entries-(Nbit-32K-4, GHTL(2048, 8, 8)): 2060263407 80524837

BTB Predictors: (Name - Correct - Incorrect - TargetCorrect)
