Total Instructions: 92358988333

RAS: (Correct - Incorrect)

Branch Predictors: (Name - Correct - Incorrect)
  Static AlwaysTaken: 181675700 915477801
  Static BTFNT: 833116515 264036986
  Nbit-32K-4: 1021996694 75156807
  Pentium-M: 1068942793 28210708
  LHTL(8192, 2, 2048, 8): 1079502890 17650611
  LHTL(8192, 2, 4096, 4): 1079348106 17805395
  LHTL(8192, 2, 8192, 2): 1076650250 20503251
  GHTL(16384, 2, 2): 1078158955 18994546
  GHTL(16384, 2, 4): 1076459117 20694384
  GHTL(16384, 2, 8): 1079269292 17884209
  GHTL(8192, 4, 2): 1078294259 18859242
  GHTL(8192, 4, 4): 1078954023 18199478
  GHTL(8192, 4, 8): 1079293507 17859994
  THP-4K-Entries-(LHTL(1024, 3, 1024, 10), GHTL(4096, 2, 12)): 1079507333 17646168
  THP-2K-Entries-(LHTL(1024, 3, 1024, 10), GHTL(8192, 2, 4)): 1076519610 20633891
  THP-2K-Entries-(LHTL(1024, 3, 1024, 10), GHTL(8192, 2, 8)): 1079158551 17994950
  THP-1K-Entries-(LHTL(1024, 3, 1024, 10), GHTL(4096, 4, 4)): 1078745466 18408035
  THP-1K-Entries-(LHTL(1024, 3, 1024, 10), GHTL(4096, 4, 8)): 1079172371 17981130
  THP-1K-Entries-(Nbit-32K-4, GHTL(4096, 4, 4)): 1022073347 75080154
  THP-1K-Entries-(Nbit-32K-4, GHTL(4096, 4, 8)): 1021995761 75157740
  THP-2K-Entries-(Nbit-32K-4, GHTL(2048, 8, 4)): 1021403973 75749528
  THP-2K-Entries-(Nbit-32K-4, GHTL(2048, 8, 8)): 1020876870 76276631

BTB Predictors: (Name - Correct - Incorrect - TargetCorrect)
