Total Instructions: 212061628172

RAS: (Correct - Incorrect)

Branch Predictors: (Name - Correct - Incorrect)
  Static AlwaysTaken: 11203617148 21106978159
  Static BTFNT: 21494163470 10816431837
  Nbit-32K-4: 29508633189 2801962118
  Pentium-M: 29760150270 2550445037
  LHTL(8192, 2, 2048, 8): 30592034365 1718560942
  LHTL(8192, 2, 4096, 4): 30466166242 1844429065
  LHTL(8192, 2, 8192, 2): 30322890926 1987704381
  GHTL(16384, 2, 2): 29974152965 2336442342
  GHTL(16384, 2, 4): 30159139544 2151455763
  GHTL(16384, 2, 8): 30521704419 1788890888
  GHTL(8192, 4, 2): 29958790087 2351805220
  GHTL(8192, 4, 4): 29938059101 2372536206
  GHTL(8192, 4, 8): 30185306165 2125289142
  THP-4K-Entries-(LHTL(1024, 3, 1024, 10), GHTL(4096, 2, 12)): 28753581136 3557014171
  THP-2K-Entries-(LHTL(1024, 3, 1024, 10), GHTL(8192, 2, 4)): 29666227240 2644368067
  THP-2K-Entries-(LHTL(1024, 3, 1024, 10), GHTL(8192, 2, 8)): 29742873518 2567721789
  THP-1K-Entries-(LHTL(1024, 3, 1024, 10), GHTL(4096, 4, 4)): 29278102036 3032493271
  THP-1K-Entries-(LHTL(1024, 3, 1024, 10), GHTL(4096, 4, 8)): 29222183549 3088411758
  THP-1K-Entries-(Nbit-32K-4, GHTL(4096, 4, 4)): 28953942878 3356652429
  THP-1K-Entries-(Nbit-32K-4, GHTL(4096, 4, 8)): 28591390527 3719204780
  THP-2K-Entries-(Nbit-32K-4, GHTL(2048, 8, 4)): 28270209688 4040385619
  THP-2K-Entries-(Nbit-32K-4, GHTL(2048, 8, 8)): 27724184626 4586410681

BTB Predictors: (Name - Correct - Incorrect - TargetCorrect)
