Total Instructions: 110787784413

RAS: (Correct - Incorrect)

Branch Predictors: (Name - Correct - Incorrect)
  Static AlwaysTaken: 8423667556 7326032862
  Static BTFNT: 8860358195 6889342223
  Nbit-32K-4: 12102675530 3647024888
  Pentium-M: 12608142641 3141557777
  LHTL(8192, 2, 2048, 8): 12933038521 2816661897
  LHTL(8192, 2, 4096, 4): 12829116293 2920584125
  LHTL(8192, 2, 8192, 2): 12640757317 3108943101
  GHTL(16384, 2, 2): 12053410733 3696289685
  GHTL(16384, 2, 4): 12513556053 3236144365
  GHTL(16384, 2, 8): 13211595866 2538104552
  GHTL(8192, 4, 2): 12263782770 3485917648
  GHTL(8192, 4, 4): 12646326537 3103373881
  GHTL(8192, 4, 8): 13315679502 2434020916
  THP-4K-Entries-(LHTL(1024, 3, 1024, 10), GHTL(4096, 2, 12)): 12677018783 3072681635
  THP-2K-Entries-(LHTL(1024, 3, 1024, 10), GHTL(8192, 2, 4)): 12403993738 3345706680
  THP-2K-Entries-(LHTL(1024, 3, 1024, 10), GHTL(8192, 2, 8)): 12682746167 3066954251
  THP-1K-Entries-(LHTL(1024, 3, 1024, 10), GHTL(4096, 4, 4)): 12420287224 3329413194
  THP-1K-Entries-(LHTL(1024, 3, 1024, 10), GHTL(4096, 4, 8)): 12715143066 3034557352
  THP-1K-Entries-(Nbit-32K-4, GHTL(4096, 4, 4)): 12094035167 3655665251
  THP-1K-Entries-(Nbit-32K-4, GHTL(4096, 4, 8)): 12056813170 3692887248
  THP-2K-Entries-(Nbit-32K-4, GHTL(2048, 8, 4)): 12009990149 3739710269
  THP-2K-Entries-(Nbit-32K-4, GHTL(2048, 8, 8)): 11914383190 3835317228

BTB Predictors: (Name - Correct - Incorrect - TargetCorrect)
