Total Instructions: 224064212381

RAS: (Correct - Incorrect)

Branch Predictors: (Name - Correct - Incorrect)
  Static AlwaysTaken: 8865341765 19080562103
  Static BTFNT: 21842110862 6103793006
  Nbit-32K-4: 25654518783 2291385085
  Pentium-M: 26201042681 1744861187
  LHTL(8192, 2, 2048, 8): 26877236235 1068667633
  LHTL(8192, 2, 4096, 4): 26508500681 1437403187
  LHTL(8192, 2, 8192, 2): 26357265209 1588638659
  GHTL(16384, 2, 2): 25920844387 2025059481
  GHTL(16384, 2, 4): 26580963220 1364940648
  GHTL(16384, 2, 8): 26639654164 1306249704
  GHTL(8192, 4, 2): 26077814399 1868089469
  GHTL(8192, 4, 4): 26597135056 1348768812
  GHTL(8192, 4, 8): 26416434759 1529469109
  THP-4K-Entries-(LHTL(1024, 3, 1024, 10), GHTL(4096, 2, 12)): 24560837406 3385066462
  THP-2K-Entries-(LHTL(1024, 3, 1024, 10), GHTL(8192, 2, 4)): 26098445407 1847458461
  THP-2K-Entries-(LHTL(1024, 3, 1024, 10), GHTL(8192, 2, 8)): 25745885960 2200017908
  THP-1K-Entries-(LHTL(1024, 3, 1024, 10), GHTL(4096, 4, 4)): 26000112696 1945791172
  THP-1K-Entries-(LHTL(1024, 3, 1024, 10), GHTL(4096, 4, 8)): 25400546739 2545357129
  THP-1K-Entries-(Nbit-32K-4, GHTL(4096, 4, 4)): 25426164993 2519738875
  THP-1K-Entries-(Nbit-32K-4, GHTL(4096, 4, 8)): 24647072261 3298831607
  THP-2K-Entries-(Nbit-32K-4, GHTL(2048, 8, 4)): 25029401024 2916502844
  THP-2K-Entries-(Nbit-32K-4, GHTL(2048, 8, 8)): 24205276756 3740627112

BTB Predictors: (Name - Correct - Incorrect - TargetCorrect)
