OMNeT++ Discrete Event Simulation  (C) 1992-2003 Andras Varga
See the license for distribution terms and warranty disclaimer
Setting up Cmdenv (command-line user interface)...

Preparing for Run #1...
Setting up network `largeLAN'...
Running simulation...
Parameters of (MACRelayUnitNP) largeLAN.switch.relayUnit
number of processors: 2
processing time: 1e-05
ports: 8
buffer size: 1048576
address table size: 100
aging time: 120
high watermark: 524288
pause time: 300

MAC not connected to a network, disabling.
largeLAN.host[0].srv registering DSAP 241
largeLAN.host[1].srv registering DSAP 241
largeLAN.host[2].srv registering DSAP 241
largeLAN.host[3].srv registering DSAP 241
largeLAN.host[4].srv registering DSAP 241
largeLAN.host[5].srv registering DSAP 241
Autoconfig: advertising that we only support half-duplex operation
largeLAN.hhost[0].srv registering DSAP 241
largeLAN.hhost[1].srv registering DSAP 241
largeLAN.hhost[2].srv registering DSAP 241
largeLAN.hhost[3].srv registering DSAP 241
largeLAN.hhost[4].srv registering DSAP 241
largeLAN.hhost[5].srv registering DSAP 241
largeLAN.hhost[6].srv registering DSAP 241
largeLAN.hhost[7].srv registering DSAP 241
Note: `positions' parameter contains less values (3) than the number of taps (17), repeating distance between last 2 positions.
Parameters of (EtherBus) largeLAN.bus
propagationSpeed: 2e+08
tap[0] pos: 5  upstream delay: 0  downstream delay: 2.5e-08
tap[1] pos: 10  upstream delay: 2.5e-08  downstream delay: 2.5e-08
tap[2] pos: 15  upstream delay: 2.5e-08  downstream delay: 2.5e-08
tap[3] pos: 20  upstream delay: 2.5e-08  downstream delay: 2.5e-08
tap[4] pos: 25  upstream delay: 2.5e-08  downstream delay: 2.5e-08
tap[5] pos: 30  upstream delay: 2.5e-08  downstream delay: 2.5e-08
tap[6] pos: 35  upstream delay: 2.5e-08  downstream delay: 2.5e-08
tap[7] pos: 40  upstream delay: 2.5e-08  downstream delay: 2.5e-08
tap[8] pos: 45  upstream delay: 2.5e-08  downstream delay: 2.5e-08
tap[9] pos: 50  upstream delay: 2.5e-08  downstream delay: 2.5e-08
tap[10] pos: 55  upstream delay: 2.5e-08  downstream delay: 2.5e-08
tap[11] pos: 60  upstream delay: 2.5e-08  downstream delay: 2.5e-08
tap[12] pos: 65  upstream delay: 2.5e-08  downstream delay: 2.5e-08
tap[13] pos: 70  upstream delay: 2.5e-08  downstream delay: 2.5e-08
tap[14] pos: 75  upstream delay: 2.5e-08  downstream delay: 2.5e-08
tap[15] pos: 80  upstream delay: 2.5e-08  downstream delay: 2.5e-08
tap[16] pos: 85  upstream delay: 2.5e-08  downstream delay: 0

Autoconfig: advertising that we only support 10Mb half-duplex operation
largeLAN.bhost[0].srv registering DSAP 241
largeLAN.bhost[1].srv registering DSAP 241
largeLAN.bhost[2].srv registering DSAP 241
largeLAN.bhost[3].srv registering DSAP 241
largeLAN.bhost[4].srv registering DSAP 241
largeLAN.bhost[5].srv registering DSAP 241
largeLAN.bhost[6].srv registering DSAP 241
largeLAN.bhost[7].srv registering DSAP 241
largeLAN.bhost[8].srv registering DSAP 241
largeLAN.bhost[9].srv registering DSAP 241
largeLAN.bhost[10].srv registering DSAP 241
largeLAN.bhost[11].srv registering DSAP 241
largeLAN.bhost[12].srv registering DSAP 241
largeLAN.bhost[13].srv registering DSAP 241
largeLAN.bhost[14].srv registering DSAP 241
largeLAN.bhost[15].srv registering DSAP 241
largeLAN.host[0].cli registering DSAP 240
largeLAN.host[1].cli registering DSAP 240
largeLAN.host[2].cli registering DSAP 240
largeLAN.host[3].cli registering DSAP 240
largeLAN.host[4].cli registering DSAP 240
largeLAN.host[5].cli registering DSAP 240
largeLAN.hhost[0].cli registering DSAP 240
largeLAN.hhost[1].cli registering DSAP 240
largeLAN.hhost[2].cli registering DSAP 240
largeLAN.hhost[3].cli registering DSAP 240
largeLAN.hhost[4].cli registering DSAP 240
largeLAN.hhost[5].cli registering DSAP 240
largeLAN.hhost[6].cli registering DSAP 240
largeLAN.hhost[7].cli registering DSAP 240
largeLAN.bhost[0].cli registering DSAP 240
largeLAN.bhost[1].cli registering DSAP 240
largeLAN.bhost[2].cli registering DSAP 240
largeLAN.bhost[3].cli registering DSAP 240
largeLAN.bhost[4].cli registering DSAP 240
largeLAN.bhost[5].cli registering DSAP 240
largeLAN.bhost[6].cli registering DSAP 240
largeLAN.bhost[7].cli registering DSAP 240
largeLAN.bhost[8].cli registering DSAP 240
largeLAN.bhost[9].cli registering DSAP 240
largeLAN.bhost[10].cli registering DSAP 240
largeLAN.bhost[11].cli registering DSAP 240
largeLAN.bhost[12].cli registering DSAP 240
largeLAN.bhost[13].cli registering DSAP 240
largeLAN.bhost[14].cli registering DSAP 240
largeLAN.bhost[15].cli registering DSAP 240
** Event #0   T=0.0000000  ( 0.00s)
     Messages:  created: 384
** Event #1000000   T=5.8621455  ( 5.86s)
     Messages:  created: 716611
** Event #2000000   T=11.956335  (11.95s)
     Messages:  created: 1430940
** Event #3000000   T=17.411478  (17.41s)
     Messages:  created: 2148553
** Event #4000000   T=23.076336  (23.07s)
     Messages:  created: 2863344
** Event #5000000   T=28.701422  (28.70s)
     Messages:  created: 3581509
** Event #6000000   T=34.343403  (34.34s)
     Messages:  created: 4298949
** Event #7000000   T=40.04539  (40.04s)
     Messages:  created: 5014908
** Event #8000000   T=45.617097  (45.61s)
     Messages:  created: 5731926
** Event #9000000   T=51.032641  (51.03s)
     Messages:  created: 6450206
** Event #10000000   T=56.72578  (56.72s)
     Messages:  created: 7166515
** Event #11000000   T=62.228162 ( 1m  2s)
     Messages:  created: 7884480
** Event #12000000   T=67.391147 ( 1m  7s)
     Messages:  created: 8603691
** Event #13000000   T=72.367559 ( 1m 12s)
     Messages:  created: 9326435
** Event #14000000   T=78.030495 ( 1m 18s)
     Messages:  created: 10042168
<!> SIGINT or SIGTERM received, exiting.

Calling finish() at end of Run #1...

End run of OMNeT++
