 Welcome to GemsFDTD

 *******PROBLEMSIZE*************************
 problemsize:         201         200         200
 *******CELLSIZE****************************
 dx:   1.0000000000000000E-002
 dy:   1.0000000000000000E-002
 dz:   1.0000000000000000E-002
 *******NSTEP*******************************
 nstep:         100
 *******PLANEWAVE*************************
 wavedir:   0.0000000000000000        0.0000000000000000        1.0000000000000000     
 Epol:   1.0000000000000000        0.0000000000000000       -0.0000000000000000     
 PulseType:           6
 param:   1.2000000000000000E-009   2.0000000000000001E-010  -1111.0999999999999     
 X0:   0.0000000000000000        0.0000000000000000        0.0000000000000000     
 Disttobound:          10
 ***************PEC*************************
 Number of components:        28686
 *******OUTERBOUNDARY***********************
 #cells:           8
 R0:    1.0000000000000000E-002
 proftype:           4
 *******CFL*********************************
 CFL:  0.94999999999999996     
 *******NFTRANS_TD**************************
 Disttobound:          20
 Theta_angles_no:           1
 Theta_interval:   180.00000000000000        180.00000000000000     
 Phi_angles_no:           4
 Phi_interval:   0.0000000000000000        180.00000000000000     
 Filenamebase: sphere_td
 *******PROGRESS****************************
 progress,iteration:   10.000000000000000     


 dt*c0 =    5.4848275573014449E-003
 Number of timesteps to propagate one (x)-cell:  1.82
 Ret. time arrays allocated in Huygens_mod, bytes used =      6348096
 Searching for patches in PECinit:
        7172 X-patches found
        7172 Y-patches found
        7172 Z-patches found
 Fields allocated in UPML_mod, bytes used =    109702368

 pml_cells =            8
 Using polynomial profile for sigma, with degree           4
 Arrays allocated in NFT_mod, bytes used =     45334848
 Size of leading dimension for H-fields = 217
 Size of leading dimension for E-fields = 218
 Fields allocated in leapfrog_mod, bytes used =    489354096
 (   100530048  bytes of this is due to UPML)

 Total amount of Mbytes allocated =   620

 ============================================================
 Entering timestepping loop
 Total number of iterations are          100
 Starting timer in the beginning of the second time step
 Iteration no.           10  has been completed
 Iteration no.           20  has been completed
 Iteration no.           30  has been completed
 Iteration no.           40  has been completed
 Iteration no.           50  has been completed
 Iteration no.           60  has been completed
 Iteration no.           70  has been completed
 Iteration no.           80  has been completed
 Iteration no.           90  has been completed
 Iteration no.          100  has been completed
 Ending timestepping loop
 No. of Allocations (         150 )/(         150 ) deallocations.  Ok 
