
Sjeng version SPEC 1.0, Copyright (C) 2000-2005 Gian-Carlo Pascutto

SPEC Workload

  +----+----+----+----+----+----+----+----+
8 | *R |    |    | *Q | *R | *N | *K |    |
  +----+----+----+----+----+----+----+----+
7 | *P | *P |    |    |    | *P | *P | *B |
  +----+----+----+----+----+----+----+----+
6 |    |    |    | *B |    | *N |    | *P |
  +----+----+----+----+----+----+----+----+
5 |    |  P | *P |    | *P |    |    |    |
  +----+----+----+----+----+----+----+----+
4 |    |    |  P |    |  P |    |    |  N |
  +----+----+----+----+----+----+----+----+
3 |  P |    |    |    |    |    |  P |    |
  +----+----+----+----+----+----+----+----+
2 |    |  B |    |  N |  Q |  P |  B |  P |
  +----+----+----+----+----+----+----+----+
1 |  R |    |    |    |    |  R |  K |    |
  +----+----+----+----+----+----+----+----+

     a    b    c    d    e    f    g    h

EPD: r2qrnk1/pp3ppb/3b1n1p/1Pp1p3/2P1P2N/P5P1/1B1NQPBP/R4RK1 w - - bm Bh3; id "LCT2-POS-08";

Searching to 12 ply
Middlegame phase.
Time for move : 1000000
 2  0.60       169 Nf5 Qd7 
 2  0.60       294 Nf5 Qd7 
 3  0.68       654 Nf5 Qd7 Rfd1 Bxf5 exf5 
 3  0.68       765 Nf5 Qd7 Rfd1 Bxf5 exf5 
 4  0.54      1974 Nf5 Bxf5 exf5 Qd7 
 4  0.54      4969 Nf5 Bxf5 exf5 Qd7 
 5  0.64     11410 Nf5 Ne6 Nxd6 Qxd6 Rfd1 
 5  0.64     11720 Nf5 Ne6 Nxd6 Qxd6 Rfd1 
 6  0.46     20712 Nf5 Ne6 Nxd6 Qxd6 Rfd1 Nd4 
 6  0.47     50426 Rfd1 !
 6  0.46    114659 Nf5 Ne6 Nxd6 Qxd6 Rfd1 Nd4 
 7  0.49    131325 Nf5 Ne6 Nxd6 Qxd6 Rfd1 Nd4 Qe3 
 7  0.49    183701 Nf5 Ne6 Nxd6 Qxd6 Rfd1 Nd4 Qe3 
 8  0.35    258791 Nf5 Ne6 Rfe1 Nd4 Qd3 Bc7 Rad1 Nxf5 Qxd8 Raxd8 exf5 
 8  0.35    552304 Nf5 Ne6 Rfe1 Nd4 Qd3 Bc7 Rad1 Nxf5 Qxd8 Raxd8 exf5 
 9  0.35    649770 Nf5 Ne6 Rfe1 Nd4 Qd3 Bc7 Rad1 Nxf5 Qxd8 
 9  0.35   1403097 Nf5 Ne6 Rfe1 Nd4 Qd3 Bc7 Rad1 Nxf5 Qxd8 
10  0.35   1656895 Nf5 Ne6 Rfe1 Nd4 Qd3 Bc7 Rad1 Nxf5 Qxd8 Raxd8 
10  0.35   2967109 Nf5 Ne6 Rfe1 Nd4 Qd3 Bc7 Rad1 Nxf5 Qxd8 Raxd8 
11  0.32   3769934 Nf5 Ne6 Rfe1 Nd4 Qd3 Bc7 Rad1 Ba5 Bc3 Ne2+ Qxe2 Bxc3 
11  0.32   6748744 Nf5 Ne6 Rfe1 Nd4 Qd3 Bc7 Rad1 Ba5 Bc3 Ne2+ Qxe2 Bxc3 
